<?xml version="1.0" encoding="UTF-8"?>
<!-- Generated by org.testng.reporters.JUnitReportReporter -->
<testsuite hostname="ALBASTA" failures="0" tests="5" name="tests.CraterLoginTest" time="51.470" errors="0" timestamp="2023-01-04T02:32:45 EST" skipped="0">
  <testcase classname="tests.CraterLoginTest" name="validLogin" time="8.880"/>
  <system-out/>
  <testcase classname="tests.CraterLoginTest" name="invalidLogin" time="10.523"/>
  <system-out/>
  <testcase classname="tests.CraterLoginTest" name="invalidLogin" time="11.100"/>
  <system-out/>
  <testcase classname="tests.CraterLoginTest" name="invalidLogin" time="9.561"/>
  <system-out/>
  <testcase classname="tests.CraterLoginTest" name="invalidLogin" time="11.406"/>
  <system-out/>
</testsuite> <!-- tests.CraterLoginTest -->
