<?xml version="1.0" encoding="UTF-8"?>
<!-- Generated by org.testng.reporters.JUnitReportReporter -->
<testsuite hostname="ALBASTA" failures="0" tests="1" name="tests.CreaterLoginTest" time="13.600" errors="0" timestamp="2022-12-31T00:28:54 EST" skipped="0">
  <testcase classname="tests.CreaterLoginTest" name="validLogin" time="13.600"/>
  <system-out/>
</testsuite> <!-- tests.CreaterLoginTest -->
