<?xml version="1.0" encoding="UTF-8"?>
<!-- Generated by org.testng.reporters.JUnitReportReporter -->
<testsuite hostname="ALBASTA" failures="0" tests="1" name="tests.CraterItemsTest" time="15.157" errors="0" timestamp="2023-01-02T21:14:25 EST" skipped="0">
  <testcase classname="tests.CraterItemsTest" name="CreatItem" time="15.157"/>
  <system-out/>
</testsuite> <!-- tests.CraterItemsTest -->
